#
# A fatal error has been detected by the Java Runtime Environment:
#
#  EXCEPTION_ACCESS_VIOLATION (0xc0000005) at pc=0x000000007322c750, pid=7084, tid=4184
#
# JRE version: 6.0_17-b04
# Java VM: Java HotSpot(TM) 64-Bit Server VM (14.3-b01 mixed mode windows-amd64 )
# Problematic frame:
# C  0x000000007322c750
#
# If you would like to submit a bug report, please visit:
#   http://java.sun.com/webapps/bugreport/crash.jsp
# The crash happened outside the Java Virtual Machine in native code.
# See problematic frame for where to report the bug.
#

---------------  T H R E A D  ---------------

Current thread (0x00000000594f1800):  JavaThread "AWT-EventQueue-0" [_thread_in_native, id=4184, stack(0x000000000fde0000,0x000000000fe60000)]

siginfo: ExceptionCode=0xc0000005, reading address 0x0000000000000008

Registers:
EAX=0x000000000000000d, EBX=0x00000000594f19b8, ECX=0x0000000000000000, EDX=0x000000003f010e73
ESP=0x000000000fe5ddf8, EBP=0x000000000f17ddb0, ESI=0x00000000594f19b8, EDI=0x000000000e7fab70
EIP=0x000000007322c750, EFLAGS=0x0000000000010206

Top of Stack: (sp=0x000000000fe5ddf8)
0x000000000fe5ddf8:   00000000731d589c 0000000000000000
0x000000000fe5de08:   00000000594f19b8 000000000f17ddb0
0x000000000fe5de18:   00000000594f19b8 000000000fe5de38
0x000000000fe5de28:   00000000594f19b8 000000002eee7950
0x000000000fe5de38:   00000000731b3810 00000000594f19b8
0x000000000fe5de48:   000000000fe5e518 000000000fe5e590
0x000000000fe5de58:   000000000f17ddb0 000000003e5acdc8
0x000000000fe5de68:   00000000731d2151 000000003520ae50
0x000000000fe5de78:   000000000fe5e588 000000003e14c070
0x000000000fe5de88:   000000000fe5e590 000000002d6a06e8
0x000000000fe5de98:   0000000000000000 000000002d09cf28
0x000000000fe5dea8:   0000000000000000 0000000000000000
0x000000000fe5deb8:   00000000348243a0 0000000029ab7c44
0x000000000fe5dec8:   000000003e5acdc8 00000000348243a0
0x000000000fe5ded8:   0000000029ab7c70 000000000000001c
0x000000000fe5dee8:   0000000100000000 000000003521ab88 

Instructions: (pc=0x000000007322c750)
0x000000007322c740:   48 8b 41 08 48 8b 80 18 0c 00 00 c3 cc cc cc cc
0x000000007322c750:   48 8b 49 08 48 85 c9 74 05 e9 72 f6 fd ff 33 c0 


Stack: [0x000000000fde0000,0x000000000fe60000],  sp=0x000000000fe5ddf8,  free space=503k
Native frames: (J=compiled Java code, j=interpreted, Vv=VM code, C=native code)
C  0x000000007322c750

Java frames: (J=compiled Java code, j=interpreted, Vv=VM code)
j  sun.java2d.windows.GDIBlitLoops.nativeBlit(Lsun/java2d/SurfaceData;Lsun/java2d/SurfaceData;Lsun/java2d/pipe/Region;IIIIIIIIIZ)V+0
j  sun.java2d.windows.GDIBlitLoops.Blit(Lsun/java2d/SurfaceData;Lsun/java2d/SurfaceData;Ljava/awt/Composite;Lsun/java2d/pipe/Region;IIIIII)V+33
J  sun.java2d.pipe.DrawImage.copyImage(Lsun/java2d/SunGraphics2D;Ljava/awt/Image;IILjava/awt/Color;Ljava/awt/image/ImageObserver;)Z
J  sun.java2d.SunGraphics2D.drawImage(Ljava/awt/Image;IILjava/awt/Color;Ljava/awt/image/ImageObserver;)Z
J  javax.swing.RepaintManager$PaintManager.paintDoubleBuffered(Ljavax/swing/JComponent;Ljava/awt/Image;Ljava/awt/Graphics;IIII)V
j  javax.swing.RepaintManager$PaintManager.paint(Ljavax/swing/JComponent;Ljavax/swing/JComponent;Ljava/awt/Graphics;IIII)Z+116
j  javax.swing.RepaintManager.paint(Ljavax/swing/JComponent;Ljavax/swing/JComponent;Ljava/awt/Graphics;IIII)V+52
J  javax.swing.JComponent.paint(Ljava/awt/Graphics;)V
j  java.awt.GraphicsCallback$PaintCallback.run(Ljava/awt/Component;Ljava/awt/Graphics;)V+2
j  sun.awt.SunGraphicsCallback.runOneComponent(Ljava/awt/Component;Ljava/awt/Rectangle;Ljava/awt/Graphics;Ljava/awt/Shape;I)V+155
j  sun.awt.SunGraphicsCallback.runComponents([Ljava/awt/Component;Ljava/awt/Graphics;I)V+104
j  java.awt.Container.paint(Ljava/awt/Graphics;)V+73
J  javax.swing.RepaintManager.paintDirtyRegions(Ljava/util/Map;)V
j  javax.swing.RepaintManager.paintDirtyRegions()V+46
j  javax.swing.RepaintManager.seqPaintDirtyRegions()V+73
j  javax.swing.SystemEventQueueUtilities$ComponentWorkRequest.run()V+36
J  java.awt.event.InvocationEvent.dispatch()V
J  java.awt.EventDispatchThread.pumpOneEventForFilters(I)Z
J  java.awt.EventDispatchThread.pumpEventsForFilter(ILjava/awt/Conditional;Ljava/awt/EventFilter;)V
j  java.awt.EventDispatchThread.pumpEventsForHierarchy(ILjava/awt/Conditional;Ljava/awt/Component;)V+11
j  java.awt.EventDispatchThread.pumpEvents(ILjava/awt/Conditional;)V+4
j  java.awt.EventDispatchThread.pumpEvents(Ljava/awt/Conditional;)V+3
j  java.awt.EventDispatchThread.run()V+9
v  ~StubRoutines::call_stub

---------------  P R O C E S S  ---------------

Java Threads: ( => current thread )
  0x000000000ed56000 JavaThread "pool-7-thread-1" [_thread_blocked, id=7040, stack(0x0000000007d40000,0x0000000007dc0000)]
  0x000000000ed52800 JavaThread "Active Reference Queue Daemon" daemon [_thread_blocked, id=6884, stack(0x0000000025770000,0x00000000257f0000)]
  0x000000000ed52000 JavaThread "Timer-35" daemon [_thread_blocked, id=2644, stack(0x0000000026dc0000,0x0000000026e40000)]
  0x000000000ed51000 JavaThread "Prefs Updater" daemon [_thread_blocked, id=6656, stack(0x0000000028290000,0x0000000028310000)]
  0x000000000ed4f000 JavaThread "Timer-9" daemon [_thread_blocked, id=6628, stack(0x0000000021230000,0x00000000212b0000)]
  0x00000000594f6800 JavaThread "Explorer NavigationContext request queue" [_thread_blocked, id=4300, stack(0x000000005c930000,0x000000005c9b0000)]
  0x00000000594f4800 JavaThread "AddressBar directory emptiness poller" [_thread_blocked, id=6348, stack(0x000000005a560000,0x000000005a5e0000)]
  0x00000000594f3000 JavaThread "Timer-1" [_thread_blocked, id=5804, stack(0x000000004caa0000,0x000000004cb20000)]
  0x00000000594f2800 JavaThread "TimerQueue" daemon [_thread_blocked, id=4896, stack(0x0000000025300000,0x0000000025380000)]
=>0x00000000594f1800 JavaThread "AWT-EventQueue-0" [_thread_in_native, id=4184, stack(0x000000000fde0000,0x000000000fe60000)]
  0x00000000594f1000 JavaThread "AWT-Shutdown" [_thread_blocked, id=2792, stack(0x000000000f630000,0x000000000f6b0000)]
  0x00000000594ef000 JavaThread "FelixPackageAdmin" daemon [_thread_blocked, id=460, stack(0x00000000211b0000,0x0000000021230000)]
  0x0000000059571800 JavaThread "FelixStartLevel" daemon [_thread_blocked, id=6852, stack(0x000000000f980000,0x000000000fa00000)]
  0x0000000059570800 JavaThread "FelixDispatchQueue" daemon [_thread_blocked, id=6792, stack(0x0000000010f50000,0x0000000010fd0000)]
  0x000000005943a800 JavaThread "com.google.common.base.internal.Finalizer" daemon [_thread_blocked, id=3856, stack(0x000000000f8f0000,0x000000000f970000)]
  0x00000000595c9800 JavaThread "AWT-Windows" daemon [_thread_in_native, id=232, stack(0x000000000f590000,0x000000000f610000)]
  0x00000000595c8800 JavaThread "Java2D Disposer" daemon [_thread_blocked, id=6400, stack(0x000000000f4d0000,0x000000000f550000)]
  0x00000000590d6000 JavaThread "Timer-0" [_thread_blocked, id=2000, stack(0x000000000f400000,0x000000000f480000)]
  0x0000000058f2d000 JavaThread "EventMgr Dispatcher" daemon [_thread_in_native, id=4292, stack(0x0000000011020000,0x0000000015020000)]
  0x000000000e31e800 JavaThread "Low Memory Detector" daemon [_thread_blocked, id=3996, stack(0x000000000e720000,0x000000000e7a0000)]
  0x000000000e319000 JavaThread "CompilerThread1" daemon [_thread_blocked, id=1708, stack(0x0000000080000000,0x0000000084000000)]
  0x000000000e311800 JavaThread "CompilerThread0" daemon [_thread_blocked, id=6060, stack(0x0000000069d40000,0x000000006dd40000)]
  0x000000000e30b800 JavaThread "Attach Listener" daemon [_thread_blocked, id=7060, stack(0x000000000e520000,0x000000000e5a0000)]
  0x000000000e2af000 JavaThread "Finalizer" daemon [_thread_blocked, id=1132, stack(0x000000000e620000,0x000000000e6a0000)]
  0x000000000e2ae000 JavaThread "Reference Handler" daemon [_thread_blocked, id=5456, stack(0x000000000e3c0000,0x000000000e440000)]
  0x000000000524b800 JavaThread "main" [_thread_in_native, id=4768, stack(0x0000000000170000,0x0000000004170000)]

Other Threads:
  0x000000000e2aa000 VMThread [stack: 0x0000000065d00000,0x0000000069d00000] [id=3276]
  0x000000000e347000 WatcherThread [stack: 0x00000000841f0000,0x00000000881f0000] [id=6344]

VM state:not at safepoint (normal execution)

VM Mutex/Monitor currently owned by a thread: None

Heap
 PSYoungGen      total 28800K, used 15759K [0x000000003d7a0000, 0x000000003f620000, 0x00000000408a0000)
  eden space 26624K, 54% used [0x000000003d7a0000,0x000000003e5b0d40,0x000000003f1a0000)
  from space 2176K, 62% used [0x000000003f400000,0x000000003f552f38,0x000000003f620000)
  to   space 2304K, 0% used [0x000000003f1a0000,0x000000003f1a0000,0x000000003f3e0000)
 PSOldGen        total 150528K, used 109102K [0x00000000344a0000, 0x000000003d7a0000, 0x000000003d7a0000)
  object space 150528K, 72% used [0x00000000344a0000,0x000000003af2b930,0x000000003d7a0000)
 PSPermGen       total 100096K, used 63020K [0x000000002c4a0000, 0x0000000032660000, 0x00000000344a0000)
  object space 100096K, 62% used [0x000000002c4a0000,0x000000003022b018,0x0000000032660000)

Dynamic libraries:
0x000000013f180000 - 0x000000013f1b2000 	C:\Program Files\MATLAB\R2012a\bin\win64\MATLAB.exe
0x0000000077830000 - 0x00000000779d9000 	C:\Windows\SYSTEM32\ntdll.dll
0x0000000077250000 - 0x000000007736f000 	C:\Windows\system32\kernel32.dll
0x000007fefd2b0000 - 0x000007fefd31c000 	C:\Windows\system32\KERNELBASE.dll
0x0000000074460000 - 0x0000000074554000 	C:\Program Files\MATLAB\R2012a\bin\win64\libut.dll
0x00000000758a0000 - 0x0000000075952000 	C:\Program Files\MATLAB\R2012a\bin\win64\libmwi18n.dll
0x0000000180000000 - 0x000000018000b000 	C:\Program Files\MATLAB\R2012a\bin\win64\libmwresource_core.dll
0x000000006fd60000 - 0x000000006fe33000 	C:\Windows\WinSxS\amd64_microsoft.vc90.crt_1fc8b3b9a1e18e3b_9.0.30729.6161_none_08e61857a83bc251\MSVCP90.dll
0x0000000071ac0000 - 0x0000000071b63000 	C:\Windows\WinSxS\amd64_microsoft.vc90.crt_1fc8b3b9a1e18e3b_9.0.30729.6161_none_08e61857a83bc251\MSVCR90.dll
0x000000007a170000 - 0x000000007a19c000 	C:\Program Files\MATLAB\R2012a\bin\win64\boost_filesystem-vc90-mt-1_44.dll
0x000000007a560000 - 0x000000007a569000 	C:\Program Files\MATLAB\R2012a\bin\win64\boost_system-vc90-mt-1_44.dll
0x000007fefd730000 - 0x000007fefd80b000 	C:\Windows\system32\ADVAPI32.dll
0x000007fefdd40000 - 0x000007fefdddf000 	C:\Windows\system32\msvcrt.dll
0x000007fefd490000 - 0x000007fefd4af000 	C:\Windows\SYSTEM32\sechost.dll
0x000007fefdde0000 - 0x000007fefdf0d000 	C:\Windows\system32\RPCRT4.dll
0x000000007a010000 - 0x000000007a035000 	C:\Program Files\MATLAB\R2012a\bin\win64\LIBEXPAT.dll
0x0000000062700000 - 0x00000000628f1000 	C:\Program Files\MATLAB\R2012a\bin\win64\icuin44.dll
0x0000000060030000 - 0x00000000601a1000 	C:\Program Files\MATLAB\R2012a\bin\win64\icuuc44.dll
0x0000000010000000 - 0x0000000010e41000 	C:\Program Files\MATLAB\R2012a\bin\win64\icudt44.dll
0x0000000073f70000 - 0x00000000740ad000 	C:\Program Files\MATLAB\R2012a\bin\win64\libmwfl.dll
0x0000000004300000 - 0x00000000045f6000 	C:\Program Files\MATLAB\R2012a\bin\win64\libmwMATLAB_res.dll
0x000000007a3b0000 - 0x000000007a3c0000 	C:\Program Files\MATLAB\R2012a\bin\win64\boost_date_time-vc90-mt-1_44.dll
0x000000007a250000 - 0x000000007a263000 	C:\Program Files\MATLAB\R2012a\bin\win64\boost_signals-vc90-mt-1_44.dll
0x000000007a2d0000 - 0x000000007a2e2000 	C:\Program Files\MATLAB\R2012a\bin\win64\boost_thread-vc90-mt-1_44.dll
0x0000000004190000 - 0x00000000041d6000 	C:\Program Files\MATLAB\R2012a\bin\win64\tbb.dll
0x000007fefdb40000 - 0x000007fefdb59000 	C:\Windows\system32\imagehlp.dll
0x0000000077a00000 - 0x0000000077a07000 	C:\Windows\system32\PSAPI.DLL
0x0000000062910000 - 0x0000000062923000 	C:\Program Files\MATLAB\R2012a\bin\win64\icuio44.dll
0x000007fef53e0000 - 0x000007fef5505000 	C:\Windows\system32\dbghelp.dll
0x0000000077150000 - 0x000000007724a000 	C:\Windows\system32\USER32.dll
0x000007fefee90000 - 0x000007fefeef7000 	C:\Windows\system32\GDI32.dll
0x000007fefee80000 - 0x000007fefee8e000 	C:\Windows\system32\LPK.dll
0x000007fefda20000 - 0x000007fefdae9000 	C:\Windows\system32\USP10.dll
0x000000007bed0000 - 0x000000007c183000 	C:\Program Files\MATLAB\R2012a\bin\win64\libmwservices.dll
0x0000000075a20000 - 0x0000000075ae2000 	C:\Program Files\MATLAB\R2012a\bin\win64\libmx.dll
0x000000007a210000 - 0x000000007a228000 	C:\Program Files\MATLAB\R2012a\bin\win64\zlib1.dll
0x0000000004630000 - 0x0000000004651000 	C:\Program Files\MATLAB\R2012a\bin\win64\libmwmfl_scalar.dll
0x0000000075f10000 - 0x0000000075f5d000 	C:\Program Files\MATLAB\R2012a\bin\win64\mpath.dll
0x000000007b680000 - 0x000000007bbe1000 	C:\Program Files\MATLAB\R2012a\bin\win64\mlutil.dll
0x0000000062680000 - 0x00000000626ff000 	C:\Program Files\MATLAB\R2012a\bin\win64\xmlcore.dll
0x000000007bc30000 - 0x000000007be83000 	C:\Program Files\MATLAB\R2012a\bin\win64\xerces-c_2_7.dll
0x000007fefdaf0000 - 0x000007fefdb3d000 	C:\Windows\system32\WS2_32.dll
0x000007fefef60000 - 0x000007fefef68000 	C:\Windows\system32\NSI.dll
0x00000000046b0000 - 0x00000000046ca000 	C:\Program Files\MATLAB\R2012a\bin\win64\libmwMATLAB_settings_res.dll
0x00000000046e0000 - 0x0000000004727000 	C:\Program Files\MATLAB\R2012a\bin\win64\boost_serialization-vc90-mt-1_44.dll
0x000007fefe0f0000 - 0x000007fefee78000 	C:\Windows\system32\SHELL32.dll
0x000007fefd530000 - 0x000007fefd5a1000 	C:\Windows\system32\SHLWAPI.dll
0x000007fef9ae0000 - 0x000007fef9b80000 	C:\Windows\WinSxS\amd64_microsoft.windows.common-controls_6595b64144ccf1df_5.82.7601.17514_none_a4d6a923711520a9\COMCTL32.dll
0x000007fefd5b0000 - 0x000007fefd647000 	C:\Windows\system32\COMDLG32.dll
0x000007fefa710000 - 0x000007fefa726000 	C:\Windows\system32\NETAPI32.dll
0x000007fefa500000 - 0x000007fefa50c000 	C:\Windows\system32\netutils.dll
0x000007fefcc10000 - 0x000007fefcc33000 	C:\Windows\system32\srvcli.dll
0x000007fefa4e0000 - 0x000007fefa4f5000 	C:\Windows\system32\wkscli.dll
0x000007fefd810000 - 0x000007fefda13000 	C:\Windows\system32\ole32.dll
0x000007fefd650000 - 0x000007fefd727000 	C:\Windows\system32\OLEAUT32.dll
0x0000000074970000 - 0x0000000074b06000 	C:\Program Files\MATLAB\R2012a\bin\win64\mcr.dll
0x0000000075000000 - 0x000000007536b000 	C:\Program Files\MATLAB\R2012a\bin\win64\iqm.dll
0x000000005b540000 - 0x000000005bd61000 	C:\Program Files\MATLAB\R2012a\bin\win64\m_interpreter.dll
0x0000000062650000 - 0x0000000062675000 	C:\Program Files\MATLAB\R2012a\bin\win64\libmex.dll
0x000000005f480000 - 0x000000005f533000 	C:\Program Files\MATLAB\R2012a\bin\win64\m_dispatcher.dll
0x0000000074880000 - 0x000000007496d000 	C:\Program Files\MATLAB\R2012a\bin\win64\boost_regex-vc90-mt-1_44.dll
0x000000005f810000 - 0x000000005f894000 	C:\Program Files\MATLAB\R2012a\bin\win64\profiler.dll
0x00000000047b0000 - 0x0000000004a05000 	C:\Program Files\MATLAB\R2012a\bin\win64\libmwmathutil.dll
0x0000000079f40000 - 0x0000000079f6d000 	C:\Program Files\MATLAB\R2012a\bin\win64\libmwmathrng.dll
0x0000000074c10000 - 0x0000000074ced000 	C:\Program Files\MATLAB\R2012a\bin\win64\libmwmathcore.dll
0x0000000076160000 - 0x00000000761cb000 	C:\Program Files\MATLAB\R2012a\bin\win64\libmwspmatrix.dll
0x0000000075ea0000 - 0x0000000075f02000 	C:\Program Files\MATLAB\R2012a\bin\win64\libmwcholmod.dll
0x000000007a460000 - 0x000000007a46d000 	C:\Program Files\MATLAB\R2012a\bin\win64\libmwamd.dll
0x000000007a4b0000 - 0x000000007a4bc000 	C:\Program Files\MATLAB\R2012a\bin\win64\libmwcolamd.dll
0x0000000062930000 - 0x0000000062949000 	C:\Program Files\MATLAB\R2012a\bin\win64\libmwblas.dll
0x0000000062630000 - 0x0000000062642000 	C:\Program Files\MATLAB\R2012a\bin\win64\libmwbinder.dll
0x0000000065b80000 - 0x0000000065b8b000 	C:\Program Files\MATLAB\R2012a\bin\win64\libmwompwrapper.dll
0x000000005f3f0000 - 0x000000005f476000 	C:\Program Files\MATLAB\R2012a\bin\win64\libmwlapack.dll
0x00000000625b0000 - 0x00000000625d1000 	C:\Program Files\MATLAB\R2012a\bin\win64\m_pcodeio.dll
0x0000000079b10000 - 0x0000000079b77000 	C:\Program Files\MATLAB\R2012a\bin\win64\m_ir.dll
0x000000005d2f0000 - 0x000000005d940000 	C:\Program Files\MATLAB\R2012a\bin\win64\m_parser.dll
0x00000000625f0000 - 0x000000006260a000 	C:\Program Files\MATLAB\R2012a\bin\win64\ir_xfmr.dll
0x000000005d070000 - 0x000000005d2e9000 	C:\Program Files\MATLAB\R2012a\bin\win64\mcos.dll
0x0000000065bf0000 - 0x0000000065bfc000 	C:\Program Files\MATLAB\R2012a\bin\win64\mtok.dll
0x000000005fff0000 - 0x0000000060021000 	C:\Program Files\MATLAB\R2012a\bin\win64\m_pcodegen.dll
0x0000000079fb0000 - 0x0000000079fe7000 	C:\Program Files\MATLAB\R2012a\bin\win64\libmwbridge.dll
0x000000005f320000 - 0x000000005f3e8000 	C:\Program Files\MATLAB\R2012a\bin\win64\udd.dll
0x000000005cf10000 - 0x000000005d062000 	C:\Program Files\MATLAB\R2012a\bin\win64\libmwgui.dll
0x0000000062590000 - 0x00000000625a7000 	C:\Program Files\MATLAB\R2012a\bin\win64\graphics_util.dll
0x000000005ab90000 - 0x000000005b533000 	C:\Program Files\MATLAB\R2012a\bin\win64\hg.dll
0x0000000004b80000 - 0x0000000004be7000 	C:\Program Files\MATLAB\R2012a\bin\win64\libmat.dll
0x0000000072d30000 - 0x0000000072f44000 	C:\Program Files\MATLAB\R2012a\bin\win64\hdf5dll.dll
0x0000000075710000 - 0x00000000757c1000 	C:\Program Files\MATLAB\R2012a\bin\win64\jmi.dll
0x0000000004c20000 - 0x0000000004c2e000 	C:\Program Files\MATLAB\R2012a\bin\win64\nativejava_services.dll
0x00000000624c0000 - 0x0000000062502000 	C:\Program Files\MATLAB\R2012a\bin\win64\libmwhardcopy.dll
0x000000005f7b0000 - 0x000000005f80a000 	C:\Program Files\MATLAB\R2012a\bin\win64\libuij.dll
0x000000005cd00000 - 0x000000005cf0c000 	C:\Program Files\MATLAB\R2012a\bin\win64\hgdatatypes.dll
0x000000005cc00000 - 0x000000005ccfd000 	C:\Program Files\MATLAB\R2012a\bin\win64\hgutils.dll
0x000000005cb40000 - 0x000000005cbfd000 	C:\Program Files\MATLAB\R2012a\bin\win64\udd_mi.dll
0x0000000004c90000 - 0x0000000004ccb000 	C:\Program Files\MATLAB\R2012a\bin\win64\libmwgbtutils.dll
0x0000000004ce0000 - 0x0000000004cf9000 	C:\Program Files\MATLAB\R2012a\bin\win64\libmwgbt.dll
0x0000000004d10000 - 0x0000000004fda000 	C:\Program Files\MATLAB\R2012a\bin\win64\uiw.dll
0x0000000062620000 - 0x000000006262f000 	C:\Program Files\MATLAB\R2012a\bin\win64\uinone.dll
0x000007fef4270000 - 0x000007fef4288000 	C:\Windows\system32\MPR.dll
0x000000005a6a0000 - 0x000000005ab84000 	C:\Windows\WinSxS\amd64_microsoft.vc90.mfc_1fc8b3b9a1e18e3b_9.0.30729.6161_none_044aad0bab1eb146\mfc90.dll
0x000007fef9b80000 - 0x000007fef9b87000 	C:\Windows\system32\MSIMG32.dll
0x000007fef9980000 - 0x000007fef99f1000 	C:\Windows\system32\WINSPOOL.DRV
0x000000005ffd0000 - 0x000000005fff0000 	C:\Program Files\MATLAB\R2012a\bin\win64\mwoles05.DLL
0x000000005cac0000 - 0x000000005cb3c000 	C:\Program Files\MATLAB\R2012a\bin\win64\comcli.dll
0x000000005f2f0000 - 0x000000005f31f000 	C:\Windows\WinSxS\amd64_microsoft.vc90.atl_1fc8b3b9a1e18e3b_9.0.30729.6161_none_0a1fd3a3a768b895\ATL90.DLL
0x0000000065b60000 - 0x0000000065b6c000 	C:\Program Files\MATLAB\R2012a\bin\win64\mlautoregister.dll
0x0000000005030000 - 0x0000000005040000 	C:\Program Files\MATLAB\R2012a\bin\win64\boost_iostreams-vc90-mt-1_44.dll
0x000007fefe0c0000 - 0x000007fefe0ee000 	C:\Windows\system32\IMM32.DLL
0x000007fefdfb0000 - 0x000007fefe0b9000 	C:\Windows\system32\MSCTF.dll
0x000007fefb830000 - 0x000007fefb886000 	C:\Windows\system32\UxTheme.dll
0x000007fefb450000 - 0x000007fefb468000 	C:\Windows\system32\dwmapi.dll
0x00000000625e0000 - 0x00000000625ed000 	C:\Windows\WinSxS\amd64_microsoft.vc90.mfcloc_1fc8b3b9a1e18e3b_9.0.30729.6161_none_01c9581e60cbee58\MFC90ENU.DLL
0x00000000050a0000 - 0x00000000050c9000 	C:\Program Files\MATLAB\R2012a\bin\win64\tbbmalloc.dll
0x0000000078870000 - 0x0000000078ecd000 	C:\Program Files\MATLAB\R2012a\sys\java\jre\win64\jre\bin\server\jvm.dll
0x000007fef9c40000 - 0x000007fef9c7b000 	C:\Windows\system32\WINMM.dll
0x000007fefd0c0000 - 0x000007fefd0cf000 	C:\Windows\system32\profapi.dll
0x000007fefada0000 - 0x000007fefadc7000 	C:\Windows\system32\iphlpapi.dll
0x000007fefad80000 - 0x000007fefad8b000 	C:\Windows\system32\WINNSI.DLL
0x000007fefc770000 - 0x000007fefc7cb000 	C:\Windows\system32\DNSAPI.dll
0x000007fefaa90000 - 0x000007fefaaa1000 	C:\Windows\system32\dhcpcsvc6.DLL
0x000007fefaa70000 - 0x000007fefaa88000 	C:\Windows\system32\dhcpcsvc.DLL
0x00000000624b0000 - 0x00000000624b3000 	C:\Windows\system32\icmp.Dll
0x000007fefcff0000 - 0x000007fefcfff000 	C:\Windows\system32\CRYPTBASE.dll
0x000007fefd210000 - 0x000007fefd246000 	C:\Windows\system32\CFGMGR32.dll
0x000000007a440000 - 0x000000007a44e000 	C:\Program Files\MATLAB\R2012a\sys\java\jre\win64\jre\bin\verify.dll
0x000000007a070000 - 0x000000007a097000 	C:\Program Files\MATLAB\R2012a\sys\java\jre\win64\jre\bin\java.dll
0x000000007a540000 - 0x000000007a54a000 	C:\Program Files\MATLAB\R2012a\sys\java\jre\win64\jre\bin\hpi.dll
0x000000007a370000 - 0x000000007a382000 	C:\Program Files\MATLAB\R2012a\sys\java\jre\win64\jre\bin\zip.dll

VM Arguments:
jvm_args: -Xss512k -XX:PermSize=32m -Xms64m -XX:NewRatio=3 -XX:MaxPermSize=128m -Xmx196m -XX:MaxDirectMemorySize=2147400000 -Dsun.java2d.noddraw=true -Dsun.awt.nopixfmt=true -Xshare:off -Xrs -Dsun.awt.disableMixing=true -Djava.library.path=C:\Program Files\MATLAB\R2012a\bin\win64 vfprintf abort 
java_command: <unknown>
Launcher Type: generic

Environment Variables:
CLASSPATH=.;C:\Program Files (x86)\Java\jre6\lib\ext\QTJava.zip
PATH=C:\Program Files (x86)\NVIDIA Corporation\PhysX\Common;C:\Windows\system32;C:\Windows;C:\Windows\System32\Wbem;C:\Windows\System32\WindowsPowerShell\v1.0\;C:\Program Files (x86)\QuickTime\QTSystem\;C:\Program Files\MATLAB\R2012a\runtime\win64;C:\Program Files\MATLAB\R2012a\bin
USERNAME=Wade
OS=Windows_NT
PROCESSOR_IDENTIFIER=AMD64 Family 16 Model 10 Stepping 0, AuthenticAMD



---------------  S Y S T E M  ---------------

OS: Windows 7 Build 7601 Service Pack 1

CPU:total 6 (6 cores per cpu, 1 threads per core) family 16 model 10 stepping 0, cmov, cx8, fxsr, mmx, sse, sse2, sse3, mmxext, 3dnow, 3dnowext, sse4a

Memory: 4k page, physical 8386744k(5456460k free), swap 16771636k(13167672k free)

vm_info: Java HotSpot(TM) 64-Bit Server VM (14.3-b01) for windows-amd64 JRE (1.6.0_17-b04), built on Oct 11 2009 00:46:08 by "java_re" with MS VC++ 8.0

time: Mon Aug 06 00:03:32 2012
elapsed time: 8876 seconds

